1650209505653	geckodriver	INFO	Listening on 127.0.0.1:53580
1650209505764	mozrunner::runner	INFO	Running command: "/Applications/Firefox.app/Contents/MacOS/firefox-bin" "--marionette" "--remote-debugging-port" "53581" "--remote-allow-hosts" "localhost" "-foreground" "-no-remote" "-profile" "/var/folders/37/hrj2n25s0szb0w7_wg4v0yw80000gn/T/rust_mozprofileyesrqV"
1650209534826	geckodriver	INFO	Listening on 127.0.0.1:53681
1650209535329	mozrunner::runner	INFO	Running command: "/Applications/Firefox.app/Contents/MacOS/firefox-bin" "--marionette" "--remote-debugging-port" "53682" "--remote-allow-hosts" "localhost" "-foreground" "-no-remote" "-profile" "/var/folders/37/hrj2n25s0szb0w7_wg4v0yw80000gn/T/rust_mozprofileyQQatD"
UNSUPPORTED (log once): POSSIBLE ISSUE: unit 1 GLD_TEXTURE_INDEX_2D is unloadable and bound to sampler type (Float) - using zero texture because texture unloadable
DevTools listening on ws://localhost:53682/devtools/browser/a76d5a6b-ffc8-44c3-bb04-5b5449b059d6
1650209560933	geckodriver	INFO	Listening on 127.0.0.1:53743
1650209561452	mozrunner::runner	INFO	Running command: "/Applications/Firefox.app/Contents/MacOS/firefox-bin" "--marionette" "--remote-debugging-port" "53744" "--remote-allow-hosts" "localhost" "-foreground" "-no-remote" "-profile" "/var/folders/37/hrj2n25s0szb0w7_wg4v0yw80000gn/T/rust_mozprofileBqrX99"
1650209583695	Marionette	INFO	Marionette enabled
console.warn: SearchSettings: "get: No settings file exists, new profile?" (new NotFoundError("Could not open the file at /var/folders/37/hrj2n25s0szb0w7_wg4v0yw80000gn/T/rust_mozprofileBqrX99/search.json.mozlz4", (void 0)))
console.error: BackgroundUpdate: 
  _reasonsToNotScheduleUpdates: Failed to check for Maintenance Service Registry Key: [Exception... "Component returned failure code: 0x80004001 (NS_ERROR_NOT_IMPLEMENTED) [nsIUpdateProcessor.getServiceRegKeyExists]"  nsresult: "0x80004001 (NS_ERROR_NOT_IMPLEMENTED)"  location: "JS frame :: resource://gre/modules/BackgroundUpdate.jsm :: _reasonsToNotScheduleUpdates :: line 241"  data: no]
DevTools listening on ws://localhost:53744/devtools/browser/fa8d6ff0-2c4c-477e-a268-905c80c02b0c
1650209585875	Marionette	INFO	Listening on port 53775
Read port: 53775
1650209585895	RemoteAgent	WARN	TLS certificate errors will be ignored for this session
1650209678768	geckodriver	INFO	Listening on 127.0.0.1:53826
1650209679287	mozrunner::runner	INFO	Running command: "/Applications/Firefox.app/Contents/MacOS/firefox-bin" "--marionette" "--remote-debugging-port" "53827" "--remote-allow-hosts" "localhost" "-foreground" "-no-remote" "-profile" "/var/folders/37/hrj2n25s0szb0w7_wg4v0yw80000gn/T/rust_mozprofileAHW5Gb"
1650209679827	Marionette	INFO	Marionette enabled
console.warn: SearchSettings: "get: No settings file exists, new profile?" (new NotFoundError("Could not open the file at /var/folders/37/hrj2n25s0szb0w7_wg4v0yw80000gn/T/rust_mozprofileAHW5Gb/search.json.mozlz4", (void 0)))
console.error: BackgroundUpdate: 
  _reasonsToNotScheduleUpdates: Failed to check for Maintenance Service Registry Key: [Exception... "Component returned failure code: 0x80004001 (NS_ERROR_NOT_IMPLEMENTED) [nsIUpdateProcessor.getServiceRegKeyExists]"  nsresult: "0x80004001 (NS_ERROR_NOT_IMPLEMENTED)"  location: "JS frame :: resource://gre/modules/BackgroundUpdate.jsm :: _reasonsToNotScheduleUpdates :: line 241"  data: no]
DevTools listening on ws://localhost:53827/devtools/browser/9c066267-bcd5-4cf4-ae49-95b70390cbfe
1650209681648	Marionette	INFO	Listening on port 53842
Read port: 53842
1650209681692	RemoteAgent	WARN	TLS certificate errors will be ignored for this session
console.warn: LoginRecipes: "getRecipes: falling back to a synchronous message for:" "https://www.reddit.com"
1650209759128	geckodriver	INFO	Listening on 127.0.0.1:53908
1650209759638	mozrunner::runner	INFO	Running command: "/Applications/Firefox.app/Contents/MacOS/firefox-bin" "--marionette" "--remote-debugging-port" "53909" "--remote-allow-hosts" "localhost" "-foreground" "-no-remote" "-profile" "/var/folders/37/hrj2n25s0szb0w7_wg4v0yw80000gn/T/rust_mozprofileHlehbd"
1650209760192	Marionette	INFO	Marionette enabled
console.warn: SearchSettings: "get: No settings file exists, new profile?" (new NotFoundError("Could not open the file at /var/folders/37/hrj2n25s0szb0w7_wg4v0yw80000gn/T/rust_mozprofileHlehbd/search.json.mozlz4", (void 0)))
console.error: BackgroundUpdate: 
  _reasonsToNotScheduleUpdates: Failed to check for Maintenance Service Registry Key: [Exception... "Component returned failure code: 0x80004001 (NS_ERROR_NOT_IMPLEMENTED) [nsIUpdateProcessor.getServiceRegKeyExists]"  nsresult: "0x80004001 (NS_ERROR_NOT_IMPLEMENTED)"  location: "JS frame :: resource://gre/modules/BackgroundUpdate.jsm :: _reasonsToNotScheduleUpdates :: line 241"  data: no]
DevTools listening on ws://localhost:53909/devtools/browser/2c2c39b7-cd56-4b21-b6d7-c9b6d699c0e8
1650209762044	Marionette	INFO	Listening on port 53925
Read port: 53925
1650209762139	RemoteAgent	WARN	TLS certificate errors will be ignored for this session
JavaScript warning: https://pagead2.googlesyndication.com/bg/LJGn0i2Pg8yG-wzimFR5htSsDE5oolsrGkll4HQxngw.js line 1 > eval line 438 > eval line 1 > eval line 1 > eval, line 1: WEBGL_debug_renderer_info is deprecated in Firefox and will be removed. Please use RENDERER.
JavaScript error: , line 0: TypeError: NetworkError when attempting to fetch resource.
JavaScript error: , line 0: TypeError: NetworkError when attempting to fetch resource.
1650210591554	geckodriver	INFO	Listening on 127.0.0.1:54172
1650210591933	mozrunner::runner	INFO	Running command: "/Applications/Firefox.app/Contents/MacOS/firefox-bin" "--marionette" "--remote-debugging-port" "54173" "--remote-allow-hosts" "localhost" "-foreground" "-no-remote" "-profile" "/var/folders/37/hrj2n25s0szb0w7_wg4v0yw80000gn/T/rust_mozprofileWwQDnt"
1650210594025	Marionette	INFO	Marionette enabled
console.warn: SearchSettings: "get: No settings file exists, new profile?" (new NotFoundError("Could not open the file at /var/folders/37/hrj2n25s0szb0w7_wg4v0yw80000gn/T/rust_mozprofileWwQDnt/search.json.mozlz4", (void 0)))
console.error: BackgroundUpdate: 
  _reasonsToNotScheduleUpdates: Failed to check for Maintenance Service Registry Key: [Exception... "Component returned failure code: 0x80004001 (NS_ERROR_NOT_IMPLEMENTED) [nsIUpdateProcessor.getServiceRegKeyExists]"  nsresult: "0x80004001 (NS_ERROR_NOT_IMPLEMENTED)"  location: "JS frame :: resource://gre/modules/BackgroundUpdate.jsm :: _reasonsToNotScheduleUpdates :: line 241"  data: no]
DevTools listening on ws://localhost:54173/devtools/browser/3d6262d6-954f-4f8f-b623-b7a00c753860
1650210596509	Marionette	INFO	Listening on port 54190
Read port: 54190
1650210596627	RemoteAgent	WARN	TLS certificate errors will be ignored for this session
JavaScript warning: https://pagead2.googlesyndication.com/bg/l2o4cWLNalU19nN7vA12WZhb1qS4KDqIWPmZT-glBuk.js line 1 > eval line 7205 > eval line 1 > eval line 1 > eval, line 1: WEBGL_debug_renderer_info is deprecated in Firefox and will be removed. Please use RENDERER.
JavaScript error: , line 0: TypeError: NetworkError when attempting to fetch resource.
JavaScript error: , line 0: TypeError: NetworkError when attempting to fetch resource.
1650210650205	geckodriver	INFO	Listening on 127.0.0.1:54268
1650210650716	mozrunner::runner	INFO	Running command: "/Applications/Firefox.app/Contents/MacOS/firefox-bin" "--marionette" "--remote-debugging-port" "54269" "--remote-allow-hosts" "localhost" "-foreground" "-no-remote" "-profile" "/var/folders/37/hrj2n25s0szb0w7_wg4v0yw80000gn/T/rust_mozprofilesoYsEL"
1650210651423	Marionette	INFO	Marionette enabled
console.warn: SearchSettings: "get: No settings file exists, new profile?" (new NotFoundError("Could not open the file at /var/folders/37/hrj2n25s0szb0w7_wg4v0yw80000gn/T/rust_mozprofilesoYsEL/search.json.mozlz4", (void 0)))
console.error: BackgroundUpdate: 
  _reasonsToNotScheduleUpdates: Failed to check for Maintenance Service Registry Key: [Exception... "Component returned failure code: 0x80004001 (NS_ERROR_NOT_IMPLEMENTED) [nsIUpdateProcessor.getServiceRegKeyExists]"  nsresult: "0x80004001 (NS_ERROR_NOT_IMPLEMENTED)"  location: "JS frame :: resource://gre/modules/BackgroundUpdate.jsm :: _reasonsToNotScheduleUpdates :: line 241"  data: no]
DevTools listening on ws://localhost:54269/devtools/browser/4f946e32-1a92-47a7-9b10-831f92ef2779
1650210653289	Marionette	INFO	Listening on port 54284
Read port: 54284
1650210653319	RemoteAgent	WARN	TLS certificate errors will be ignored for this session
JavaScript warning: https://pagead2.googlesyndication.com/bg/l2o4cWLNalU19nN7vA12WZhb1qS4KDqIWPmZT-glBuk.js line 1 > eval line 4647 > eval line 1 > eval line 1 > eval, line 1: WEBGL_debug_renderer_info is deprecated in Firefox and will be removed. Please use RENDERER.
JavaScript error: , line 0: TypeError: NetworkError when attempting to fetch resource.
JavaScript error: , line 0: TypeError: NetworkError when attempting to fetch resource.
1650210703818	geckodriver	INFO	Listening on 127.0.0.1:54380
1650210704332	mozrunner::runner	INFO	Running command: "/Applications/Firefox.app/Contents/MacOS/firefox-bin" "--marionette" "--remote-debugging-port" "54381" "--remote-allow-hosts" "localhost" "-foreground" "-no-remote" "-profile" "/var/folders/37/hrj2n25s0szb0w7_wg4v0yw80000gn/T/rust_mozprofileag86HB"
1650210704875	Marionette	INFO	Marionette enabled
console.warn: SearchSettings: "get: No settings file exists, new profile?" (new NotFoundError("Could not open the file at /var/folders/37/hrj2n25s0szb0w7_wg4v0yw80000gn/T/rust_mozprofileag86HB/search.json.mozlz4", (void 0)))
console.error: BackgroundUpdate: 
  _reasonsToNotScheduleUpdates: Failed to check for Maintenance Service Registry Key: [Exception... "Component returned failure code: 0x80004001 (NS_ERROR_NOT_IMPLEMENTED) [nsIUpdateProcessor.getServiceRegKeyExists]"  nsresult: "0x80004001 (NS_ERROR_NOT_IMPLEMENTED)"  location: "JS frame :: resource://gre/modules/BackgroundUpdate.jsm :: _reasonsToNotScheduleUpdates :: line 241"  data: no]
DevTools listening on ws://localhost:54381/devtools/browser/d3e8b3fc-c609-4e5f-a027-5d47937c9f9a
1650210706806	Marionette	INFO	Listening on port 54396
Read port: 54396
1650210706846	RemoteAgent	WARN	TLS certificate errors will be ignored for this session
JavaScript warning: https://pagead2.googlesyndication.com/bg/l2o4cWLNalU19nN7vA12WZhb1qS4KDqIWPmZT-glBuk.js line 1 > eval line 2092 > eval line 1 > eval line 1 > eval, line 1: WEBGL_debug_renderer_info is deprecated in Firefox and will be removed. Please use RENDERER.
JavaScript error: , line 0: TypeError: NetworkError when attempting to fetch resource.
JavaScript error: , line 0: TypeError: NetworkError when attempting to fetch resource.
1650212246875	Marionette	INFO	Stopped listening on port 53925
console.warn: TopSitesFeed: Failed to fetch data from Contile server: NetworkError when attempting to fetch resource.

###!!! [Parent][PImageBridgeParent] Error: RunMessage(msgname=PImageBridge::Msg_WillClose) Channel closing: too late to send/recv, messages will be lost

1650212249477	Marionette	INFO	Stopped listening on port 53842
console.warn: TopSitesFeed: Failed to fetch data from Contile server: NetworkError when attempting to fetch resource.
1650212251604	Marionette	INFO	Stopped listening on port 54190
console.warn: TopSitesFeed: Failed to fetch data from Contile server: NetworkError when attempting to fetch resource.
1650212253130	Marionette	INFO	Stopped listening on port 54284
console.warn: TopSitesFeed: Failed to fetch data from Contile server: NetworkError when attempting to fetch resource.
1650212255997	Marionette	INFO	Stopped listening on port 54396
JavaScript error: chrome://remote/content/marionette/cert.js, line 55: NS_ERROR_NOT_AVAILABLE: Component returned failure code: 0x80040111 (NS_ERROR_NOT_AVAILABLE) [nsICertOverrideService.setDisableAllSecurityChecksAndLetAttackersInterceptMyData]
1650212259160	Marionette	INFO	Stopped listening on port 53775
JavaScript error: chrome://remote/content/marionette/cert.js, line 55: NS_ERROR_NOT_AVAILABLE: Component returned failure code: 0x80040111 (NS_ERROR_NOT_AVAILABLE) [nsICertOverrideService.setDisableAllSecurityChecksAndLetAttackersInterceptMyData]

###!!! [Parent][PImageBridgeParent] Error: RunMessage(msgname=PImageBridge::Msg_WillClose) Channel closing: too late to send/recv, messages will be lost

1650212499197	geckodriver	INFO	Listening on 127.0.0.1:54829
1650212499709	mozrunner::runner	INFO	Running command: "/Applications/Firefox.app/Contents/MacOS/firefox-bin" "--marionette" "--remote-debugging-port" "54830" "--remote-allow-hosts" "localhost" "-foreground" "-no-remote" "-profile" "/var/folders/37/hrj2n25s0szb0w7_wg4v0yw80000gn/T/rust_mozprofileb4mQwL"
1650212500494	Marionette	INFO	Marionette enabled
console.warn: SearchSettings: "get: No settings file exists, new profile?" (new NotFoundError("Could not open the file at /var/folders/37/hrj2n25s0szb0w7_wg4v0yw80000gn/T/rust_mozprofileb4mQwL/search.json.mozlz4", (void 0)))
console.error: BackgroundUpdate: 
  _reasonsToNotScheduleUpdates: Failed to check for Maintenance Service Registry Key: [Exception... "Component returned failure code: 0x80004001 (NS_ERROR_NOT_IMPLEMENTED) [nsIUpdateProcessor.getServiceRegKeyExists]"  nsresult: "0x80004001 (NS_ERROR_NOT_IMPLEMENTED)"  location: "JS frame :: resource://gre/modules/BackgroundUpdate.jsm :: _reasonsToNotScheduleUpdates :: line 241"  data: no]
DevTools listening on ws://localhost:54830/devtools/browser/12d51625-9fb4-47f9-9b4d-4f5059e85b37
1650212502247	Marionette	INFO	Listening on port 54845
Read port: 54845
1650212502326	RemoteAgent	WARN	TLS certificate errors will be ignored for this session
JavaScript warning: https://pagead2.googlesyndication.com/bg/l2o4cWLNalU19nN7vA12WZhb1qS4KDqIWPmZT-glBuk.js line 1 > eval line 283 > eval line 1 > eval line 1 > eval, line 1: WEBGL_debug_renderer_info is deprecated in Firefox and will be removed. Please use RENDERER.
1650212552679	geckodriver	INFO	Listening on 127.0.0.1:54923
1650212553198	mozrunner::runner	INFO	Running command: "/Applications/Firefox.app/Contents/MacOS/firefox-bin" "--marionette" "--remote-debugging-port" "54924" "--remote-allow-hosts" "localhost" "-foreground" "-no-remote" "-profile" "/var/folders/37/hrj2n25s0szb0w7_wg4v0yw80000gn/T/rust_mozprofilekqCHac"
1650212553666	Marionette	INFO	Marionette enabled
console.warn: SearchSettings: "get: No settings file exists, new profile?" (new NotFoundError("Could not open the file at /var/folders/37/hrj2n25s0szb0w7_wg4v0yw80000gn/T/rust_mozprofilekqCHac/search.json.mozlz4", (void 0)))
console.error: BackgroundUpdate: 
  _reasonsToNotScheduleUpdates: Failed to check for Maintenance Service Registry Key: [Exception... "Component returned failure code: 0x80004001 (NS_ERROR_NOT_IMPLEMENTED) [nsIUpdateProcessor.getServiceRegKeyExists]"  nsresult: "0x80004001 (NS_ERROR_NOT_IMPLEMENTED)"  location: "JS frame :: resource://gre/modules/BackgroundUpdate.jsm :: _reasonsToNotScheduleUpdates :: line 241"  data: no]
DevTools listening on ws://localhost:54924/devtools/browser/d44f0fbe-b73b-495c-b13d-8a2b272399fd
1650212554883	Marionette	INFO	Listening on port 54938
Read port: 54938
1650212554973	RemoteAgent	WARN	TLS certificate errors will be ignored for this session
JavaScript warning: https://pagead2.googlesyndication.com/bg/l2o4cWLNalU19nN7vA12WZhb1qS4KDqIWPmZT-glBuk.js line 1 > eval line 247 > eval line 1 > eval line 1 > eval, line 1: WEBGL_debug_renderer_info is deprecated in Firefox and will be removed. Please use RENDERER.
1650212678622	geckodriver	INFO	Listening on 127.0.0.1:55019
1650212679131	mozrunner::runner	INFO	Running command: "/Applications/Firefox.app/Contents/MacOS/firefox-bin" "--marionette" "--remote-debugging-port" "55020" "--remote-allow-hosts" "localhost" "-foreground" "-no-remote" "-profile" "/var/folders/37/hrj2n25s0szb0w7_wg4v0yw80000gn/T/rust_mozprofiledWhV3G"
1650212679921	Marionette	INFO	Marionette enabled
console.warn: SearchSettings: "get: No settings file exists, new profile?" (new NotFoundError("Could not open the file at /var/folders/37/hrj2n25s0szb0w7_wg4v0yw80000gn/T/rust_mozprofiledWhV3G/search.json.mozlz4", (void 0)))
console.error: BackgroundUpdate: 
  _reasonsToNotScheduleUpdates: Failed to check for Maintenance Service Registry Key: [Exception... "Component returned failure code: 0x80004001 (NS_ERROR_NOT_IMPLEMENTED) [nsIUpdateProcessor.getServiceRegKeyExists]"  nsresult: "0x80004001 (NS_ERROR_NOT_IMPLEMENTED)"  location: "JS frame :: resource://gre/modules/BackgroundUpdate.jsm :: _reasonsToNotScheduleUpdates :: line 241"  data: no]
DevTools listening on ws://localhost:55020/devtools/browser/13ca2fbe-a278-49bd-9390-de0ac7fd5699
1650212681673	Marionette	INFO	Listening on port 55036
Read port: 55036
1650212681739	RemoteAgent	WARN	TLS certificate errors will be ignored for this session
JavaScript warning: https://pagead2.googlesyndication.com/bg/l2o4cWLNalU19nN7vA12WZhb1qS4KDqIWPmZT-glBuk.js line 1 > eval line 4181 > eval line 1 > eval line 1 > eval, line 1: WEBGL_debug_renderer_info is deprecated in Firefox and will be removed. Please use RENDERER.
1650212712821	Marionette	INFO	Stopped listening on port 54938
JavaScript error: , line 0: TypeError: NetworkError when attempting to fetch resource.
JavaScript error: , line 0: TypeError: NetworkError when attempting to fetch resource.

###!!! [Parent][PContentParent] Error: Send(msgname=PContent::Reply_DiscardBrowsingContext) Closed channel: cannot send/recv


###!!! [Parent][PContentParent] Error: Send(msgname=PContent::Reply_DiscardBrowsingContext) Closed channel: cannot send/recv


###!!! [Parent][PContentParent] Error: Send(msgname=PContent::Msg_DestroyBrowsingContextGroup) Closed channel: cannot send/recv


###!!! [Parent][PContentParent] Error: Send(msgname=PContent::Reply_DiscardBrowsingContext) Closed channel: cannot send/recv


###!!! [Parent][PImageBridgeParent] Error: RunMessage(msgname=PImageBridge::Msg_WillClose) Channel closing: too late to send/recv, messages will be lost

1650212715156	Marionette	INFO	Stopped listening on port 54845
JavaScript error: , line 0: TypeError: NetworkError when attempting to fetch resource.
JavaScript error: , line 0: TypeError: NetworkError when attempting to fetch resource.
1650212812823	geckodriver	INFO	Listening on 127.0.0.1:55124
1650212813342	mozrunner::runner	INFO	Running command: "/Applications/Firefox.app/Contents/MacOS/firefox-bin" "--marionette" "--remote-debugging-port" "55125" "--remote-allow-hosts" "localhost" "-foreground" "-no-remote" "-profile" "/var/folders/37/hrj2n25s0szb0w7_wg4v0yw80000gn/T/rust_mozprofileL5fjHb"
1650212813797	Marionette	INFO	Marionette enabled
console.warn: SearchSettings: "get: No settings file exists, new profile?" (new NotFoundError("Could not open the file at /var/folders/37/hrj2n25s0szb0w7_wg4v0yw80000gn/T/rust_mozprofileL5fjHb/search.json.mozlz4", (void 0)))
console.error: BackgroundUpdate: 
  _reasonsToNotScheduleUpdates: Failed to check for Maintenance Service Registry Key: [Exception... "Component returned failure code: 0x80004001 (NS_ERROR_NOT_IMPLEMENTED) [nsIUpdateProcessor.getServiceRegKeyExists]"  nsresult: "0x80004001 (NS_ERROR_NOT_IMPLEMENTED)"  location: "JS frame :: resource://gre/modules/BackgroundUpdate.jsm :: _reasonsToNotScheduleUpdates :: line 241"  data: no]
DevTools listening on ws://localhost:55125/devtools/browser/6b3a176e-9d5a-4df1-b33a-d3fb16991d1b
1650212815115	Marionette	INFO	Listening on port 55141
Read port: 55141
1650212815237	RemoteAgent	WARN	TLS certificate errors will be ignored for this session
JavaScript warning: https://pagead2.googlesyndication.com/bg/l2o4cWLNalU19nN7vA12WZhb1qS4KDqIWPmZT-glBuk.js line 1 > eval line 6836 > eval line 1 > eval line 1 > eval, line 1: WEBGL_debug_renderer_info is deprecated in Firefox and will be removed. Please use RENDERER.
JavaScript error: , line 0: TypeError: NetworkError when attempting to fetch resource.
1650212842618	Marionette	INFO	Stopped listening on port 55141
console.warn: TopSitesFeed: Failed to fetch data from Contile server: NetworkError when attempting to fetch resource.
JavaScript error: chrome://remote/content/marionette/cert.js, line 55: NS_ERROR_NOT_AVAILABLE: Component returned failure code: 0x80040111 (NS_ERROR_NOT_AVAILABLE) [nsICertOverrideService.setDisableAllSecurityChecksAndLetAttackersInterceptMyData]

###!!! [Parent][PImageBridgeParent] Error: RunMessage(msgname=PImageBridge::Msg_WillClose) Channel closing: too late to send/recv, messages will be lost

1650212844388	Marionette	INFO	Stopped listening on port 55036
JavaScript error: , line 0: TypeError: NetworkError when attempting to fetch resource.
JavaScript error: , line 0: TypeError: NetworkError when attempting to fetch resource.

###!!! [Parent][PContentParent] Error: Send(msgname=PContent::Reply_DiscardBrowsingContext) Closed channel: cannot send/recv


###!!! [Parent][PContentParent] Error: Send(msgname=PContent::Reply_DiscardBrowsingContext) Closed channel: cannot send/recv


###!!! [Parent][PContentParent] Error: Send(msgname=PContent::Reply_DiscardBrowsingContext) Closed channel: cannot send/recv


###!!! [Parent][PContentParent] Error: Send(msgname=PContent::Reply_DiscardBrowsingContext) Closed channel: cannot send/recv


###!!! [Parent][PContentParent] Error: Send(msgname=PContent::Msg_DestroyBrowsingContextGroup) Closed channel: cannot send/recv

1650212859451	geckodriver	INFO	Listening on 127.0.0.1:55245
1650212859970	mozrunner::runner	INFO	Running command: "/Applications/Firefox.app/Contents/MacOS/firefox-bin" "--marionette" "--remote-debugging-port" "55246" "--remote-allow-hosts" "localhost" "-foreground" "-no-remote" "-profile" "/var/folders/37/hrj2n25s0szb0w7_wg4v0yw80000gn/T/rust_mozprofileWicIir"
1650212860365	Marionette	INFO	Marionette enabled
console.warn: SearchSettings: "get: No settings file exists, new profile?" (new NotFoundError("Could not open the file at /var/folders/37/hrj2n25s0szb0w7_wg4v0yw80000gn/T/rust_mozprofileWicIir/search.json.mozlz4", (void 0)))
console.error: BackgroundUpdate: 
  _reasonsToNotScheduleUpdates: Failed to check for Maintenance Service Registry Key: [Exception... "Component returned failure code: 0x80004001 (NS_ERROR_NOT_IMPLEMENTED) [nsIUpdateProcessor.getServiceRegKeyExists]"  nsresult: "0x80004001 (NS_ERROR_NOT_IMPLEMENTED)"  location: "JS frame :: resource://gre/modules/BackgroundUpdate.jsm :: _reasonsToNotScheduleUpdates :: line 241"  data: no]
DevTools listening on ws://localhost:55246/devtools/browser/b6f7a022-f9fc-4b41-a5ab-515f87ae07bc
1650212861670	Marionette	INFO	Listening on port 55260
Read port: 55260
1650212861741	RemoteAgent	WARN	TLS certificate errors will be ignored for this session
JavaScript warning: https://pagead2.googlesyndication.com/bg/l2o4cWLNalU19nN7vA12WZhb1qS4KDqIWPmZT-glBuk.js line 1 > eval line 1801 > eval line 1 > eval line 1 > eval, line 1: WEBGL_debug_renderer_info is deprecated in Firefox and will be removed. Please use RENDERER.
JavaScript error: , line 0: TypeError: NetworkError when attempting to fetch resource.
JavaScript error: , line 0: TypeError: NetworkError when attempting to fetch resource.
1650212913411	geckodriver	INFO	Listening on 127.0.0.1:55336
1650212913932	mozrunner::runner	INFO	Running command: "/Applications/Firefox.app/Contents/MacOS/firefox-bin" "--marionette" "--remote-debugging-port" "55337" "--remote-allow-hosts" "localhost" "-foreground" "-no-remote" "-profile" "/var/folders/37/hrj2n25s0szb0w7_wg4v0yw80000gn/T/rust_mozprofileQDevAS"
1650212914341	Marionette	INFO	Marionette enabled
console.warn: SearchSettings: "get: No settings file exists, new profile?" (new NotFoundError("Could not open the file at /var/folders/37/hrj2n25s0szb0w7_wg4v0yw80000gn/T/rust_mozprofileQDevAS/search.json.mozlz4", (void 0)))
console.error: BackgroundUpdate: 
  _reasonsToNotScheduleUpdates: Failed to check for Maintenance Service Registry Key: [Exception... "Component returned failure code: 0x80004001 (NS_ERROR_NOT_IMPLEMENTED) [nsIUpdateProcessor.getServiceRegKeyExists]"  nsresult: "0x80004001 (NS_ERROR_NOT_IMPLEMENTED)"  location: "JS frame :: resource://gre/modules/BackgroundUpdate.jsm :: _reasonsToNotScheduleUpdates :: line 241"  data: no]
DevTools listening on ws://localhost:55337/devtools/browser/c572ee98-17a1-4db9-ae29-cbe0c236c794
1650212915556	Marionette	INFO	Listening on port 55350
Read port: 55350
1650212915619	RemoteAgent	WARN	TLS certificate errors will be ignored for this session
JavaScript warning: https://pagead2.googlesyndication.com/bg/l2o4cWLNalU19nN7vA12WZhb1qS4KDqIWPmZT-glBuk.js line 1 > eval line 803 > eval line 1 > eval line 1 > eval, line 1: WEBGL_debug_renderer_info is deprecated in Firefox and will be removed. Please use RENDERER.
JavaScript error: , line 0: TypeError: NetworkError when attempting to fetch resource.
JavaScript error: , line 0: TypeError: NetworkError when attempting to fetch resource.
JavaScript warning: https://pagead2.googlesyndication.com/bg/l2o4cWLNalU19nN7vA12WZhb1qS4KDqIWPmZT-glBuk.js line 1 > eval line 3690 > eval line 1 > eval line 1 > eval, line 1: WEBGL_debug_renderer_info is deprecated in Firefox and will be removed. Please use RENDERER.
JavaScript error: resource://devtools/server/actors/utils/sources-manager.js, line 432: TypeError: channel is null
JavaScript error: resource://devtools/server/actors/utils/sources-manager.js, line 432: TypeError: channel is null
JavaScript error: resource://devtools/server/actors/utils/sources-manager.js, line 432: TypeError: channel is null
console.error: "Unable to find target with innerWindowId:4294967319"
JavaScript error: , line 0: TypeError: NetworkError when attempting to fetch resource.
Exiting due to channel error.
Exiting due to channel error.
Exiting due to channel error.
Exiting due to channel error.
[GFX1-]: Receive IPC close with reason=AbnormalShutdown
Exiting due to channel error.
1650218807949	geckodriver	INFO	Listening on 127.0.0.1:57698
1650218808440	mozrunner::runner	INFO	Running command: "/Applications/Firefox.app/Contents/MacOS/firefox-bin" "--marionette" "--remote-debugging-port" "57699" "--remote-allow-hosts" "localhost" "-foreground" "-no-remote" "-profile" "/var/folders/37/hrj2n25s0szb0w7_wg4v0yw80000gn/T/rust_mozprofileMqWf56"
1650218810150	Marionette	INFO	Marionette enabled
console.warn: SearchSettings: "get: No settings file exists, new profile?" (new NotFoundError("Could not open the file at /var/folders/37/hrj2n25s0szb0w7_wg4v0yw80000gn/T/rust_mozprofileMqWf56/search.json.mozlz4", (void 0)))
console.error: BackgroundUpdate: 
  _reasonsToNotScheduleUpdates: Failed to check for Maintenance Service Registry Key: [Exception... "Component returned failure code: 0x80004001 (NS_ERROR_NOT_IMPLEMENTED) [nsIUpdateProcessor.getServiceRegKeyExists]"  nsresult: "0x80004001 (NS_ERROR_NOT_IMPLEMENTED)"  location: "JS frame :: resource://gre/modules/BackgroundUpdate.jsm :: _reasonsToNotScheduleUpdates :: line 241"  data: no]
DevTools listening on ws://localhost:57699/devtools/browser/14a9239b-f8aa-43e0-869b-bcf0ef4a5b0e
1650218811951	Marionette	INFO	Listening on port 57714
Read port: 57714
1650218811987	RemoteAgent	WARN	TLS certificate errors will be ignored for this session
JavaScript warning: https://pagead2.googlesyndication.com/bg/l2o4cWLNalU19nN7vA12WZhb1qS4KDqIWPmZT-glBuk.js line 1 > eval line 1723 > eval line 1 > eval line 1 > eval, line 1: WEBGL_debug_renderer_info is deprecated in Firefox and will be removed. Please use RENDERER.
Exiting due to channel error.
Exiting due to channel error.
Exiting due to channel error.
